[30/Sep/2015:11:43:52] ENGINE Listening for SIGTERM.
[30/Sep/2015:11:43:52] ENGINE Listening for SIGUSR1.
[30/Sep/2015:11:43:52] ENGINE Listening for SIGHUP.
[30/Sep/2015:11:43:52] ENGINE Bus STARTING
[30/Sep/2015:11:43:52] ENGINE Started monitor thread '_TimeoutMonitor'.
[30/Sep/2015:11:43:52] ENGINE Started monitor thread 'Autoreloader'.
[30/Sep/2015:11:43:52] ENGINE Serving on http://0.0.0.0:8090
[30/Sep/2015:11:43:52] ENGINE Bus STARTED
[30/Sep/2015:11:45:03] ENGINE Keyboard Interrupt: shutting down bus
[30/Sep/2015:11:45:03] ENGINE Bus STOPPING
[30/Sep/2015:11:45:03] ENGINE HTTP Server cherrypy._cpwsgi_server.CPWSGIServer(('0.0.0.0', 8090)) shut down
[30/Sep/2015:11:45:03] ENGINE Stopped thread '_TimeoutMonitor'.
[30/Sep/2015:11:45:03] ENGINE Stopped thread 'Autoreloader'.
[30/Sep/2015:11:45:03] ENGINE Bus STOPPED
[30/Sep/2015:11:45:03] ENGINE Bus EXITING
[30/Sep/2015:11:45:03] ENGINE Bus EXITED
[30/Sep/2015:11:45:04] ENGINE Waiting for child threads to terminate...
[30/Sep/2015:11:45:19] ENGINE Listening for SIGHUP.
[30/Sep/2015:11:45:19] ENGINE Listening for SIGTERM.
[30/Sep/2015:11:45:19] ENGINE Listening for SIGUSR1.
[30/Sep/2015:11:45:19] ENGINE Bus STARTING
[30/Sep/2015:11:45:19] ENGINE Started monitor thread '_TimeoutMonitor'.
[30/Sep/2015:11:45:19] ENGINE Started monitor thread 'Autoreloader'.
[30/Sep/2015:11:45:19] ENGINE Serving on http://0.0.0.0:8090
[30/Sep/2015:11:45:19] ENGINE Bus STARTED
[30/Sep/2015:11:50:36] ENGINE Restarting because /home/graham/PythonProjects/webfaction_home/webapps/pk_cp/conf/server.cfg changed.
[30/Sep/2015:11:50:36] ENGINE Stopped thread 'Autoreloader'.
[30/Sep/2015:11:50:36] ENGINE Bus STOPPING
[30/Sep/2015:11:50:36] ENGINE HTTP Server cherrypy._cpwsgi_server.CPWSGIServer(('0.0.0.0', 8090)) shut down
[30/Sep/2015:11:50:36] ENGINE Stopped thread '_TimeoutMonitor'.
[30/Sep/2015:11:50:36] ENGINE Bus STOPPED
[30/Sep/2015:11:50:36] ENGINE Bus EXITING
[30/Sep/2015:11:50:36] ENGINE Bus EXITED
[30/Sep/2015:11:50:36] ENGINE Waiting for child threads to terminate...
[30/Sep/2015:11:50:36] ENGINE Re-spawning serve.py
[30/Sep/2015:11:50:37] ENGINE Listening for SIGTERM.
[30/Sep/2015:11:50:37] ENGINE Listening for SIGUSR1.
[30/Sep/2015:11:50:37] ENGINE Listening for SIGHUP.
[30/Sep/2015:11:50:37] ENGINE Bus STARTING
[30/Sep/2015:11:50:37] ENGINE Started monitor thread '_TimeoutMonitor'.
[30/Sep/2015:11:50:37] ENGINE Started monitor thread 'Autoreloader'.
[30/Sep/2015:11:50:38] ENGINE Serving on http://0.0.0.0:8090
[30/Sep/2015:11:50:38] ENGINE Bus STARTED
[30/Sep/2015:11:51:16] ENGINE Restarting because /home/graham/PythonProjects/webfaction_home/webapps/pk_cp/conf/app.cfg changed.
[30/Sep/2015:11:51:16] ENGINE Stopped thread 'Autoreloader'.
[30/Sep/2015:11:51:16] ENGINE Bus STOPPING
[30/Sep/2015:11:51:16] ENGINE HTTP Server cherrypy._cpwsgi_server.CPWSGIServer(('0.0.0.0', 8090)) shut down
[30/Sep/2015:11:51:16] ENGINE Stopped thread '_TimeoutMonitor'.
[30/Sep/2015:11:51:16] ENGINE Bus STOPPED
[30/Sep/2015:11:51:16] ENGINE Bus EXITING
[30/Sep/2015:11:51:16] ENGINE Bus EXITED
[30/Sep/2015:11:51:16] ENGINE Waiting for child threads to terminate...
[30/Sep/2015:11:51:16] ENGINE Re-spawning serve.py
[30/Sep/2015:11:51:18] ENGINE Listening for SIGTERM.
[30/Sep/2015:11:51:18] ENGINE Listening for SIGHUP.
[30/Sep/2015:11:51:18] ENGINE Listening for SIGUSR1.
[30/Sep/2015:11:51:18] ENGINE Bus STARTING
[30/Sep/2015:11:51:18] ENGINE Started monitor thread '_TimeoutMonitor'.
[30/Sep/2015:11:51:18] ENGINE Started monitor thread 'Autoreloader'.
[30/Sep/2015:11:51:18] ENGINE Serving on http://0.0.0.0:8090
[30/Sep/2015:11:51:18] ENGINE Bus STARTED
[30/Sep/2015:11:51:23] ENGINE Restarting because /home/graham/PythonProjects/webfaction_home/webapps/pk_cp/conf/server.cfg changed.
[30/Sep/2015:11:51:23] ENGINE Stopped thread 'Autoreloader'.
[30/Sep/2015:11:51:23] ENGINE Bus STOPPING
[30/Sep/2015:11:51:23] ENGINE HTTP Server cherrypy._cpwsgi_server.CPWSGIServer(('0.0.0.0', 8090)) shut down
[30/Sep/2015:11:51:23] ENGINE Stopped thread '_TimeoutMonitor'.
[30/Sep/2015:11:51:23] ENGINE Bus STOPPED
[30/Sep/2015:11:51:23] ENGINE Bus EXITING
[30/Sep/2015:11:51:23] ENGINE Bus EXITED
[30/Sep/2015:11:51:23] ENGINE Waiting for child threads to terminate...
[30/Sep/2015:11:51:23] ENGINE Re-spawning serve.py
[30/Sep/2015:11:51:24] ENGINE Listening for SIGTERM.
[30/Sep/2015:11:51:24] ENGINE Listening for SIGUSR1.
[30/Sep/2015:11:51:24] ENGINE Listening for SIGHUP.
[30/Sep/2015:11:51:24] ENGINE Bus STARTING
[30/Sep/2015:11:51:24] ENGINE Started monitor thread '_TimeoutMonitor'.
[30/Sep/2015:11:51:24] ENGINE Started monitor thread 'Autoreloader'.
[30/Sep/2015:11:51:24] ENGINE Serving on http://0.0.0.0:8090
[30/Sep/2015:11:51:25] ENGINE Bus STARTED
[30/Sep/2015:11:53:34] ENGINE Restarting because /home/graham/PythonProjects/webfaction_home/webapps/pk_cp/serve.py changed.
[30/Sep/2015:11:53:34] ENGINE Stopped thread 'Autoreloader'.
[30/Sep/2015:11:53:34] ENGINE Bus STOPPING
[30/Sep/2015:11:53:34] ENGINE HTTP Server cherrypy._cpwsgi_server.CPWSGIServer(('0.0.0.0', 8090)) shut down
[30/Sep/2015:11:53:34] ENGINE Stopped thread '_TimeoutMonitor'.
[30/Sep/2015:11:53:34] ENGINE Bus STOPPED
[30/Sep/2015:11:53:34] ENGINE Bus EXITING
[30/Sep/2015:11:53:34] ENGINE Bus EXITED
[30/Sep/2015:11:53:34] ENGINE Waiting for child threads to terminate...
[30/Sep/2015:11:53:34] ENGINE Re-spawning serve.py
[30/Sep/2015:11:53:36] ENGINE Listening for SIGHUP.
[30/Sep/2015:11:53:36] ENGINE Listening for SIGTERM.
[30/Sep/2015:11:53:36] ENGINE Listening for SIGUSR1.
[30/Sep/2015:11:53:36] ENGINE Bus STARTING
[30/Sep/2015:11:53:36] ENGINE Started monitor thread '_TimeoutMonitor'.
[30/Sep/2015:11:53:36] ENGINE Started monitor thread 'Autoreloader'.
[30/Sep/2015:11:53:36] ENGINE Serving on http://0.0.0.0:8090
[30/Sep/2015:11:53:36] ENGINE Bus STARTED
[30/Sep/2015:11:54:10] ENGINE Keyboard Interrupt: shutting down bus
[30/Sep/2015:11:54:10] ENGINE Bus STOPPING
[30/Sep/2015:11:54:10] ENGINE HTTP Server cherrypy._cpwsgi_server.CPWSGIServer(('0.0.0.0', 8090)) shut down
[30/Sep/2015:11:54:10] ENGINE Stopped thread '_TimeoutMonitor'.
[30/Sep/2015:11:54:10] ENGINE Stopped thread 'Autoreloader'.
[30/Sep/2015:11:54:10] ENGINE Bus STOPPED
[30/Sep/2015:11:54:10] ENGINE Bus EXITING
[30/Sep/2015:11:54:10] ENGINE Bus EXITED
[30/Sep/2015:11:54:10] ENGINE Waiting for child threads to terminate...
[30/Sep/2015:11:54:14] ENGINE Listening for SIGHUP.
[30/Sep/2015:11:54:14] ENGINE Listening for SIGUSR1.
[30/Sep/2015:11:54:14] ENGINE Listening for SIGTERM.
[30/Sep/2015:11:54:14] ENGINE Bus STARTING
[30/Sep/2015:11:54:14] ENGINE Started monitor thread '_TimeoutMonitor'.
[30/Sep/2015:11:54:14] ENGINE Started monitor thread 'Autoreloader'.
[30/Sep/2015:11:54:14] ENGINE Serving on http://0.0.0.0:8090
[30/Sep/2015:11:54:14] ENGINE Bus STARTED
[30/Sep/2015:11:54:47] ENGINE Restarting because /home/graham/PythonProjects/webfaction_home/webapps/pk_cp/serve.py changed.
[30/Sep/2015:11:54:47] ENGINE Stopped thread 'Autoreloader'.
[30/Sep/2015:11:54:47] ENGINE Bus STOPPING
[30/Sep/2015:11:54:47] ENGINE HTTP Server cherrypy._cpwsgi_server.CPWSGIServer(('0.0.0.0', 8090)) shut down
[30/Sep/2015:11:54:47] ENGINE Stopped thread '_TimeoutMonitor'.
[30/Sep/2015:11:54:47] ENGINE Bus STOPPED
[30/Sep/2015:11:54:47] ENGINE Bus EXITING
[30/Sep/2015:11:54:47] ENGINE Bus EXITED
[30/Sep/2015:11:54:47] ENGINE Waiting for child threads to terminate...
[30/Sep/2015:11:54:47] ENGINE Re-spawning serve.py
[30/Sep/2015:11:54:48] ENGINE Listening for SIGHUP.
[30/Sep/2015:11:54:48] ENGINE Listening for SIGUSR1.
[30/Sep/2015:11:54:48] ENGINE Listening for SIGTERM.
[30/Sep/2015:11:54:48] ENGINE Bus STARTING
[30/Sep/2015:11:54:48] ENGINE Started monitor thread '_TimeoutMonitor'.
[30/Sep/2015:11:54:48] ENGINE Started monitor thread 'Autoreloader'.
[30/Sep/2015:11:54:48] ENGINE Serving on http://0.0.0.0:8090
[30/Sep/2015:11:54:48] ENGINE Bus STARTED
[30/Sep/2015:11:57:42] ENGINE Restarting because /home/graham/PythonProjects/webfaction_home/webapps/pk_cp/serve.py changed.
[30/Sep/2015:11:57:42] ENGINE Stopped thread 'Autoreloader'.
[30/Sep/2015:11:57:42] ENGINE Bus STOPPING
[30/Sep/2015:11:57:42] ENGINE HTTP Server cherrypy._cpwsgi_server.CPWSGIServer(('0.0.0.0', 8090)) shut down
[30/Sep/2015:11:57:42] ENGINE Stopped thread '_TimeoutMonitor'.
[30/Sep/2015:11:57:42] ENGINE Bus STOPPED
[30/Sep/2015:11:57:42] ENGINE Bus EXITING
[30/Sep/2015:11:57:42] ENGINE Bus EXITED
[30/Sep/2015:11:57:42] ENGINE Waiting for child threads to terminate...
[30/Sep/2015:11:57:42] ENGINE Re-spawning serve.py
[30/Sep/2015:11:57:45] ENGINE Listening for SIGUSR1.
[30/Sep/2015:11:57:45] ENGINE Listening for SIGHUP.
[30/Sep/2015:11:57:45] ENGINE Listening for SIGTERM.
[30/Sep/2015:11:57:45] ENGINE Bus STARTING
[30/Sep/2015:11:57:45] ENGINE Started monitor thread '_TimeoutMonitor'.
[30/Sep/2015:11:57:45] ENGINE Serving on http://0.0.0.0:8090
[30/Sep/2015:11:57:45] ENGINE Bus STARTED
[30/Sep/2015:11:57:52] ENGINE Keyboard Interrupt: shutting down bus
[30/Sep/2015:11:57:52] ENGINE Bus STOPPING
[30/Sep/2015:11:57:52] ENGINE HTTP Server cherrypy._cpwsgi_server.CPWSGIServer(('0.0.0.0', 8090)) shut down
[30/Sep/2015:11:57:52] ENGINE Stopped thread '_TimeoutMonitor'.
[30/Sep/2015:11:57:52] ENGINE Bus STOPPED
[30/Sep/2015:11:57:52] ENGINE Bus EXITING
[30/Sep/2015:11:57:52] ENGINE Bus EXITED
[30/Sep/2015:11:57:52] ENGINE Waiting for child threads to terminate...
[30/Sep/2015:11:57:56] ENGINE Listening for SIGUSR1.
[30/Sep/2015:11:57:56] ENGINE Listening for SIGHUP.
[30/Sep/2015:11:57:56] ENGINE Listening for SIGTERM.
[30/Sep/2015:11:57:56] ENGINE Bus STARTING
[30/Sep/2015:11:57:56] ENGINE Started monitor thread '_TimeoutMonitor'.
[30/Sep/2015:11:57:56] ENGINE Serving on http://0.0.0.0:8090
[30/Sep/2015:11:57:56] ENGINE Bus STARTED
[30/Sep/2015:11:59:32] ENGINE Listening for SIGHUP.
[30/Sep/2015:11:59:32] ENGINE Listening for SIGTERM.
[30/Sep/2015:11:59:32] ENGINE Listening for SIGUSR1.
[30/Sep/2015:11:59:32] ENGINE Bus STARTING
[30/Sep/2015:11:59:32] ENGINE Started monitor thread '_TimeoutMonitor'.
[30/Sep/2015:11:59:32] ENGINE Started monitor thread 'Autoreloader'.
[30/Sep/2015:11:59:33] ENGINE Error in HTTP server: shutting down
Traceback (most recent call last):
  File "/home/graham/Virtual-Environments/cp/lib/python3.4/site-packages/cherrypy/process/servers.py", line 206, in _start_http_thread
    self.httpserver.start()
  File "/home/graham/Virtual-Environments/cp/lib/python3.4/site-packages/cherrypy/wsgiserver/wsgiserver3.py", line 1648, in start
    raise socket.error(msg)
OSError: No socket could be created -- (('0.0.0.0', 8090): [Errno 98] Address already in use)

[30/Sep/2015:11:59:33] ENGINE Error in 'start' listener <bound method Server.start of <cherrypy._cpserver.Server object at 0x7fe0cd05d208>>
Traceback (most recent call last):
  File "/home/graham/Virtual-Environments/cp/lib/python3.4/site-packages/cherrypy/process/wspbus.py", line 205, in publish
    output.append(listener(*args, **kwargs))
  File "/home/graham/Virtual-Environments/cp/lib/python3.4/site-packages/cherrypy/_cpserver.py", line 168, in start
    ServerAdapter.start(self)
  File "/home/graham/Virtual-Environments/cp/lib/python3.4/site-packages/cherrypy/process/servers.py", line 177, in start
    self.wait()
  File "/home/graham/Virtual-Environments/cp/lib/python3.4/site-packages/cherrypy/process/servers.py", line 227, in wait
    raise self.interrupt
  File "/home/graham/Virtual-Environments/cp/lib/python3.4/site-packages/cherrypy/process/servers.py", line 206, in _start_http_thread
    self.httpserver.start()
  File "/home/graham/Virtual-Environments/cp/lib/python3.4/site-packages/cherrypy/wsgiserver/wsgiserver3.py", line 1648, in start
    raise socket.error(msg)
OSError: No socket could be created -- (('0.0.0.0', 8090): [Errno 98] Address already in use)

[30/Sep/2015:11:59:33] ENGINE Bus STOPPING
[30/Sep/2015:11:59:33] ENGINE HTTP Server cherrypy._cpwsgi_server.CPWSGIServer(('0.0.0.0', 8090)) already shut down
[30/Sep/2015:11:59:33] ENGINE Stopped thread '_TimeoutMonitor'.
[30/Sep/2015:11:59:33] ENGINE Shutting down due to error in start listener:
Traceback (most recent call last):
  File "/home/graham/Virtual-Environments/cp/lib/python3.4/site-packages/cherrypy/process/wspbus.py", line 243, in start
    self.publish('start')
  File "/home/graham/Virtual-Environments/cp/lib/python3.4/site-packages/cherrypy/process/wspbus.py", line 223, in publish
    raise exc
cherrypy.process.wspbus.ChannelFailures: OSError("No socket could be created -- (('0.0.0.0', 8090): [Errno 98] Address already in use)",)

[30/Sep/2015:11:59:33] ENGINE Stopped thread 'Autoreloader'.
[30/Sep/2015:11:59:33] ENGINE Bus STOPPING
[30/Sep/2015:11:59:33] ENGINE HTTP Server cherrypy._cpwsgi_server.CPWSGIServer(('0.0.0.0', 8090)) already shut down
[30/Sep/2015:11:59:33] ENGINE No thread running for None.
[30/Sep/2015:11:59:33] ENGINE Stopped thread 'Autoreloader'.
[30/Sep/2015:11:59:33] ENGINE Bus STOPPED
[30/Sep/2015:11:59:33] ENGINE Bus EXITING
[30/Sep/2015:11:59:33] ENGINE Bus STOPPED
[30/Sep/2015:11:59:33] ENGINE Bus EXITED
[30/Sep/2015:11:59:33] ENGINE Bus EXITING
[30/Sep/2015:11:59:33] ENGINE Bus EXITED
[30/Sep/2015:11:59:51] ENGINE Listening for SIGUSR1.
[30/Sep/2015:11:59:51] ENGINE Listening for SIGTERM.
[30/Sep/2015:11:59:51] ENGINE Listening for SIGHUP.
[30/Sep/2015:11:59:51] ENGINE Bus STARTING
[30/Sep/2015:11:59:51] ENGINE Started monitor thread '_TimeoutMonitor'.
[30/Sep/2015:11:59:51] ENGINE Started monitor thread 'Autoreloader'.
[30/Sep/2015:11:59:51] ENGINE Error in HTTP server: shutting down
Traceback (most recent call last):
  File "/home/graham/Virtual-Environments/cp/lib/python3.4/site-packages/cherrypy/process/servers.py", line 206, in _start_http_thread
    self.httpserver.start()
  File "/home/graham/Virtual-Environments/cp/lib/python3.4/site-packages/cherrypy/wsgiserver/wsgiserver3.py", line 1648, in start
    raise socket.error(msg)
OSError: No socket could be created -- (('0.0.0.0', 8090): [Errno 98] Address already in use)

[30/Sep/2015:11:59:51] ENGINE Bus STOPPING
[30/Sep/2015:11:59:51] ENGINE HTTP Server cherrypy._cpwsgi_server.CPWSGIServer(('0.0.0.0', 8090)) already shut down
[30/Sep/2015:11:59:51] ENGINE Stopped thread '_TimeoutMonitor'.
[30/Sep/2015:11:59:51] ENGINE Stopped thread 'Autoreloader'.
[30/Sep/2015:11:59:51] ENGINE Bus STOPPED
[30/Sep/2015:11:59:51] ENGINE Bus EXITING
[30/Sep/2015:11:59:51] ENGINE Bus EXITED
[30/Sep/2015:12:01:17] ENGINE Listening for SIGUSR1.
[30/Sep/2015:12:01:17] ENGINE Listening for SIGTERM.
[30/Sep/2015:12:01:17] ENGINE Listening for SIGHUP.
[30/Sep/2015:12:01:17] ENGINE Bus STARTING
[30/Sep/2015:12:01:17] ENGINE Started monitor thread '_TimeoutMonitor'.
[30/Sep/2015:12:01:17] ENGINE Started monitor thread 'Autoreloader'.
[30/Sep/2015:12:01:17] ENGINE Error in HTTP server: shutting down
Traceback (most recent call last):
  File "/home/graham/Virtual-Environments/cp/lib/python3.4/site-packages/cherrypy/process/servers.py", line 206, in _start_http_thread
    self.httpserver.start()
  File "/home/graham/Virtual-Environments/cp/lib/python3.4/site-packages/cherrypy/wsgiserver/wsgiserver3.py", line 1648, in start
    raise socket.error(msg)
OSError: No socket could be created -- (('0.0.0.0', 8090): [Errno 98] Address already in use)

[30/Sep/2015:12:01:17] ENGINE Bus STOPPING
[30/Sep/2015:12:01:17] ENGINE HTTP Server cherrypy._cpwsgi_server.CPWSGIServer(('0.0.0.0', 8090)) already shut down
[30/Sep/2015:12:01:17] ENGINE Error in 'start' listener <bound method Server.start of <cherrypy._cpserver.Server object at 0x7f9bab89b1d0>>
Traceback (most recent call last):
  File "/home/graham/Virtual-Environments/cp/lib/python3.4/site-packages/cherrypy/process/wspbus.py", line 205, in publish
    output.append(listener(*args, **kwargs))
  File "/home/graham/Virtual-Environments/cp/lib/python3.4/site-packages/cherrypy/_cpserver.py", line 168, in start
    ServerAdapter.start(self)
  File "/home/graham/Virtual-Environments/cp/lib/python3.4/site-packages/cherrypy/process/servers.py", line 177, in start
    self.wait()
  File "/home/graham/Virtual-Environments/cp/lib/python3.4/site-packages/cherrypy/process/servers.py", line 227, in wait
    raise self.interrupt
  File "/home/graham/Virtual-Environments/cp/lib/python3.4/site-packages/cherrypy/process/servers.py", line 206, in _start_http_thread
    self.httpserver.start()
  File "/home/graham/Virtual-Environments/cp/lib/python3.4/site-packages/cherrypy/wsgiserver/wsgiserver3.py", line 1648, in start
    raise socket.error(msg)
OSError: No socket could be created -- (('0.0.0.0', 8090): [Errno 98] Address already in use)

[30/Sep/2015:12:01:17] ENGINE Shutting down due to error in start listener:
Traceback (most recent call last):
  File "/home/graham/Virtual-Environments/cp/lib/python3.4/site-packages/cherrypy/process/wspbus.py", line 243, in start
    self.publish('start')
  File "/home/graham/Virtual-Environments/cp/lib/python3.4/site-packages/cherrypy/process/wspbus.py", line 223, in publish
    raise exc
cherrypy.process.wspbus.ChannelFailures: OSError("No socket could be created -- (('0.0.0.0', 8090): [Errno 98] Address already in use)",)

[30/Sep/2015:12:01:17] ENGINE Stopped thread '_TimeoutMonitor'.
[30/Sep/2015:12:01:17] ENGINE Bus STOPPING
[30/Sep/2015:12:01:17] ENGINE HTTP Server cherrypy._cpwsgi_server.CPWSGIServer(('0.0.0.0', 8090)) already shut down
[30/Sep/2015:12:01:17] ENGINE Stopped thread 'Autoreloader'.
[30/Sep/2015:12:01:17] ENGINE No thread running for None.
[30/Sep/2015:12:01:17] ENGINE Bus STOPPED
[30/Sep/2015:12:01:17] ENGINE No thread running for None.
[30/Sep/2015:12:01:17] ENGINE Bus EXITING
[30/Sep/2015:12:01:17] ENGINE Bus STOPPED
[30/Sep/2015:12:01:17] ENGINE Bus EXITED
[30/Sep/2015:12:02:10] ENGINE Listening for SIGUSR1.
[30/Sep/2015:12:02:10] ENGINE Listening for SIGTERM.
[30/Sep/2015:12:02:10] ENGINE Listening for SIGHUP.
[30/Sep/2015:12:02:10] ENGINE Bus STARTING
[30/Sep/2015:12:02:10] ENGINE Started monitor thread '_TimeoutMonitor'.
[30/Sep/2015:12:02:10] ENGINE Started monitor thread 'Autoreloader'.
[30/Sep/2015:12:02:10] ENGINE Error in 'start' listener <bound method Server.start of <cherrypy._cpserver.Server object at 0x7fa9de8cb208>>
Traceback (most recent call last):
  File "/home/graham/Virtual-Environments/cp/lib/python3.4/site-packages/cherrypy/process/wspbus.py", line 205, in publish
    output.append(listener(*args, **kwargs))
  File "/home/graham/Virtual-Environments/cp/lib/python3.4/site-packages/cherrypy/_cpserver.py", line 168, in start
    ServerAdapter.start(self)
  File "/home/graham/Virtual-Environments/cp/lib/python3.4/site-packages/cherrypy/process/servers.py", line 177, in start
    self.wait()
  File "/home/graham/Virtual-Environments/cp/lib/python3.4/site-packages/cherrypy/process/servers.py", line 227, in wait
    raise self.interrupt
  File "/home/graham/Virtual-Environments/cp/lib/python3.4/site-packages/cherrypy/process/servers.py", line 206, in _start_http_thread
    self.httpserver.start()
  File "/home/graham/Virtual-Environments/cp/lib/python3.4/site-packages/cherrypy/wsgiserver/wsgiserver3.py", line 1648, in start
    raise socket.error(msg)
OSError: No socket could be created -- (('0.0.0.0', 8090): [Errno 98] Address already in use)

[30/Sep/2015:12:02:10] ENGINE Error in HTTP server: shutting down
Traceback (most recent call last):
  File "/home/graham/Virtual-Environments/cp/lib/python3.4/site-packages/cherrypy/process/servers.py", line 206, in _start_http_thread
    self.httpserver.start()
  File "/home/graham/Virtual-Environments/cp/lib/python3.4/site-packages/cherrypy/wsgiserver/wsgiserver3.py", line 1648, in start
    raise socket.error(msg)
OSError: No socket could be created -- (('0.0.0.0', 8090): [Errno 98] Address already in use)

[30/Sep/2015:12:02:10] ENGINE Shutting down due to error in start listener:
Traceback (most recent call last):
  File "/home/graham/Virtual-Environments/cp/lib/python3.4/site-packages/cherrypy/process/wspbus.py", line 243, in start
    self.publish('start')
  File "/home/graham/Virtual-Environments/cp/lib/python3.4/site-packages/cherrypy/process/wspbus.py", line 223, in publish
    raise exc
cherrypy.process.wspbus.ChannelFailures: OSError("No socket could be created -- (('0.0.0.0', 8090): [Errno 98] Address already in use)",)

[30/Sep/2015:12:02:10] ENGINE Bus STOPPING
[30/Sep/2015:12:02:10] ENGINE Bus STOPPING
[30/Sep/2015:12:02:10] ENGINE HTTP Server cherrypy._cpwsgi_server.CPWSGIServer(('0.0.0.0', 8090)) already shut down
[30/Sep/2015:12:02:10] ENGINE HTTP Server cherrypy._cpwsgi_server.CPWSGIServer(('0.0.0.0', 8090)) already shut down
[30/Sep/2015:12:02:10] ENGINE Stopped thread '_TimeoutMonitor'.
[30/Sep/2015:12:02:10] ENGINE Stopped thread '_TimeoutMonitor'.
[30/Sep/2015:12:02:10] ENGINE Stopped thread 'Autoreloader'.
[30/Sep/2015:12:02:10] ENGINE Stopped thread 'Autoreloader'.
[30/Sep/2015:12:02:10] ENGINE Bus STOPPED
[30/Sep/2015:12:02:10] ENGINE Bus STOPPED
[30/Sep/2015:12:02:10] ENGINE Bus EXITING
[30/Sep/2015:12:02:10] ENGINE Bus EXITING
[30/Sep/2015:12:02:10] ENGINE Bus EXITED
[30/Sep/2015:12:02:10] ENGINE Bus EXITED
[30/Sep/2015:12:03:21] ENGINE Listening for SIGHUP.
[30/Sep/2015:12:03:21] ENGINE Listening for SIGUSR1.
[30/Sep/2015:12:03:21] ENGINE Listening for SIGTERM.
[30/Sep/2015:12:03:21] ENGINE Bus STARTING
[30/Sep/2015:12:03:21] ENGINE Started monitor thread '_TimeoutMonitor'.
[30/Sep/2015:12:03:21] ENGINE Started monitor thread 'Autoreloader'.
[30/Sep/2015:12:03:21] ENGINE Error in 'start' listener <bound method Server.start of <cherrypy._cpserver.Server object at 0x7fceb21dd208>>
Traceback (most recent call last):
  File "/home/graham/Virtual-Environments/cp/lib/python3.4/site-packages/cherrypy/process/wspbus.py", line 205, in publish
    output.append(listener(*args, **kwargs))
  File "/home/graham/Virtual-Environments/cp/lib/python3.4/site-packages/cherrypy/_cpserver.py", line 168, in start
    ServerAdapter.start(self)
  File "/home/graham/Virtual-Environments/cp/lib/python3.4/site-packages/cherrypy/process/servers.py", line 177, in start
    self.wait()
  File "/home/graham/Virtual-Environments/cp/lib/python3.4/site-packages/cherrypy/process/servers.py", line 227, in wait
    raise self.interrupt
  File "/home/graham/Virtual-Environments/cp/lib/python3.4/site-packages/cherrypy/process/servers.py", line 206, in _start_http_thread
    self.httpserver.start()
  File "/home/graham/Virtual-Environments/cp/lib/python3.4/site-packages/cherrypy/wsgiserver/wsgiserver3.py", line 1648, in start
    raise socket.error(msg)
OSError: No socket could be created -- (('0.0.0.0', 8090): [Errno 98] Address already in use)

[30/Sep/2015:12:03:21] ENGINE Error in HTTP server: shutting down
Traceback (most recent call last):
  File "/home/graham/Virtual-Environments/cp/lib/python3.4/site-packages/cherrypy/process/servers.py", line 206, in _start_http_thread
    self.httpserver.start()
  File "/home/graham/Virtual-Environments/cp/lib/python3.4/site-packages/cherrypy/wsgiserver/wsgiserver3.py", line 1648, in start
    raise socket.error(msg)
OSError: No socket could be created -- (('0.0.0.0', 8090): [Errno 98] Address already in use)

[30/Sep/2015:12:03:21] ENGINE Shutting down due to error in start listener:
Traceback (most recent call last):
  File "/home/graham/Virtual-Environments/cp/lib/python3.4/site-packages/cherrypy/process/wspbus.py", line 243, in start
    self.publish('start')
  File "/home/graham/Virtual-Environments/cp/lib/python3.4/site-packages/cherrypy/process/wspbus.py", line 223, in publish
    raise exc
cherrypy.process.wspbus.ChannelFailures: OSError("No socket could be created -- (('0.0.0.0', 8090): [Errno 98] Address already in use)",)

[30/Sep/2015:12:03:21] ENGINE Bus STOPPING
[30/Sep/2015:12:03:21] ENGINE Bus STOPPING
[30/Sep/2015:12:03:21] ENGINE HTTP Server cherrypy._cpwsgi_server.CPWSGIServer(('0.0.0.0', 8090)) already shut down
[30/Sep/2015:12:03:21] ENGINE HTTP Server cherrypy._cpwsgi_server.CPWSGIServer(('0.0.0.0', 8090)) already shut down
[30/Sep/2015:12:03:21] ENGINE Stopped thread '_TimeoutMonitor'.
[30/Sep/2015:12:03:21] ENGINE Stopped thread '_TimeoutMonitor'.
[30/Sep/2015:12:03:21] ENGINE Stopped thread 'Autoreloader'.
[30/Sep/2015:12:03:21] ENGINE Stopped thread 'Autoreloader'.
[30/Sep/2015:12:03:21] ENGINE Bus STOPPED
[30/Sep/2015:12:03:21] ENGINE Bus STOPPED
[30/Sep/2015:12:03:21] ENGINE Bus EXITING
[30/Sep/2015:12:03:21] ENGINE Bus EXITING
[30/Sep/2015:12:03:21] ENGINE Bus EXITED
[30/Sep/2015:12:03:21] ENGINE Bus EXITED
[30/Sep/2015:12:06:44] ENGINE Listening for SIGTERM.
[30/Sep/2015:12:06:44] ENGINE Listening for SIGUSR1.
[30/Sep/2015:12:06:44] ENGINE Listening for SIGHUP.
[30/Sep/2015:12:06:44] ENGINE Bus STARTING
[30/Sep/2015:12:06:44] ENGINE Started monitor thread '_TimeoutMonitor'.
[30/Sep/2015:12:06:44] ENGINE Started monitor thread 'Autoreloader'.
[30/Sep/2015:12:06:44] ENGINE Serving on http://0.0.0.0:8090
[30/Sep/2015:12:06:44] ENGINE Bus STARTED
[30/Sep/2015:12:07:36] ENGINE Keyboard Interrupt: shutting down bus
[30/Sep/2015:12:07:36] ENGINE Bus STOPPING
[30/Sep/2015:12:07:36] ENGINE HTTP Server cherrypy._cpwsgi_server.CPWSGIServer(('0.0.0.0', 8090)) shut down
[30/Sep/2015:12:07:36] ENGINE Stopped thread '_TimeoutMonitor'.
[30/Sep/2015:12:07:36] ENGINE Stopped thread 'Autoreloader'.
[30/Sep/2015:12:07:36] ENGINE Bus STOPPED
[30/Sep/2015:12:07:36] ENGINE Bus EXITING
[30/Sep/2015:12:07:36] ENGINE Bus EXITED
[30/Sep/2015:12:07:36] ENGINE Waiting for child threads to terminate...
[30/Sep/2015:12:08:05] ENGINE Listening for SIGTERM.
[30/Sep/2015:12:08:05] ENGINE Listening for SIGUSR1.
[30/Sep/2015:12:08:05] ENGINE Listening for SIGHUP.
[30/Sep/2015:12:08:05] ENGINE Bus STARTING
[30/Sep/2015:12:08:05] ENGINE Started monitor thread '_TimeoutMonitor'.
[30/Sep/2015:12:08:05] ENGINE Started monitor thread 'Autoreloader'.
[30/Sep/2015:12:08:05] ENGINE Serving on http://0.0.0.0:8090
[30/Sep/2015:12:08:05] ENGINE Bus STARTED
[30/Sep/2015:12:08:15] ENGINE Keyboard Interrupt: shutting down bus
[30/Sep/2015:12:08:15] ENGINE Bus STOPPING
[30/Sep/2015:12:08:15] ENGINE HTTP Server cherrypy._cpwsgi_server.CPWSGIServer(('0.0.0.0', 8090)) shut down
[30/Sep/2015:12:08:15] ENGINE Stopped thread '_TimeoutMonitor'.
[30/Sep/2015:12:08:15] ENGINE Stopped thread 'Autoreloader'.
[30/Sep/2015:12:08:15] ENGINE Bus STOPPED
[30/Sep/2015:12:08:15] ENGINE Bus EXITING
[30/Sep/2015:12:08:15] ENGINE Bus EXITED
[30/Sep/2015:12:08:15] ENGINE Waiting for child threads to terminate...
[30/Sep/2015:12:09:01] ENGINE Listening for SIGUSR1.
[30/Sep/2015:12:09:01] ENGINE Listening for SIGTERM.
[30/Sep/2015:12:09:01] ENGINE Listening for SIGHUP.
[30/Sep/2015:12:09:01] ENGINE Bus STARTING
[30/Sep/2015:12:09:01] ENGINE Started monitor thread '_TimeoutMonitor'.
[30/Sep/2015:12:09:01] ENGINE Started monitor thread 'Autoreloader'.
[30/Sep/2015:12:09:01] ENGINE Serving on http://0.0.0.0:8090
[30/Sep/2015:12:09:01] ENGINE Bus STARTED
[30/Sep/2015:12:09:48] ENGINE Keyboard Interrupt: shutting down bus
[30/Sep/2015:12:09:48] ENGINE Bus STOPPING
[30/Sep/2015:12:09:48] ENGINE HTTP Server cherrypy._cpwsgi_server.CPWSGIServer(('0.0.0.0', 8090)) shut down
[30/Sep/2015:12:09:48] ENGINE Stopped thread '_TimeoutMonitor'.
[30/Sep/2015:12:09:48] ENGINE Stopped thread 'Autoreloader'.
[30/Sep/2015:12:09:48] ENGINE Bus STOPPED
[30/Sep/2015:12:09:48] ENGINE Bus EXITING
[30/Sep/2015:12:09:48] ENGINE Bus EXITED
[30/Sep/2015:12:09:48] ENGINE Waiting for child threads to terminate...
[30/Sep/2015:12:21:05] ENGINE Listening for SIGUSR1.
[30/Sep/2015:12:21:05] ENGINE Listening for SIGHUP.
[30/Sep/2015:12:21:05] ENGINE Listening for SIGTERM.
[30/Sep/2015:12:21:05] ENGINE Bus STARTING
[30/Sep/2015:12:21:05] ENGINE Started monitor thread '_TimeoutMonitor'.
[30/Sep/2015:12:21:05] ENGINE Started monitor thread 'Autoreloader'.
[30/Sep/2015:12:21:05] ENGINE Serving on http://0.0.0.0:8090
[30/Sep/2015:12:21:05] ENGINE Bus STARTED
[30/Sep/2015:12:25:31] ENGINE Keyboard Interrupt: shutting down bus
[30/Sep/2015:12:25:31] ENGINE Bus STOPPING
[30/Sep/2015:12:25:31] ENGINE HTTP Server cherrypy._cpwsgi_server.CPWSGIServer(('0.0.0.0', 8090)) shut down
[30/Sep/2015:12:25:31] ENGINE Stopped thread '_TimeoutMonitor'.
[30/Sep/2015:12:25:31] ENGINE Stopped thread 'Autoreloader'.
[30/Sep/2015:12:25:31] ENGINE Bus STOPPED
[30/Sep/2015:12:25:31] ENGINE Bus EXITING
[30/Sep/2015:12:25:31] ENGINE Bus EXITED
[30/Sep/2015:12:25:31] ENGINE Waiting for child threads to terminate...
[30/Sep/2015:12:30:49] ENGINE Listening for SIGHUP.
[30/Sep/2015:12:30:49] ENGINE Listening for SIGTERM.
[30/Sep/2015:12:30:49] ENGINE Listening for SIGUSR1.
[30/Sep/2015:12:30:49] ENGINE Bus STARTING
[30/Sep/2015:12:30:49] ENGINE Started monitor thread '_TimeoutMonitor'.
[30/Sep/2015:12:30:49] ENGINE Serving on http://0.0.0.0:8090
[30/Sep/2015:12:30:49] ENGINE Bus STARTED
[30/Sep/2015:12:30:58] ENGINE Keyboard Interrupt: shutting down bus
[30/Sep/2015:12:30:58] ENGINE Bus STOPPING
[30/Sep/2015:12:30:58] ENGINE HTTP Server cherrypy._cpwsgi_server.CPWSGIServer(('0.0.0.0', 8090)) shut down
[30/Sep/2015:12:30:58] ENGINE Stopped thread '_TimeoutMonitor'.
[30/Sep/2015:12:30:58] ENGINE Bus STOPPED
[30/Sep/2015:12:30:58] ENGINE Bus EXITING
[30/Sep/2015:12:30:58] ENGINE Bus EXITED
[30/Sep/2015:12:30:58] ENGINE Waiting for child threads to terminate...
